1356766534 26336527 1857311
1356766534 108 13 108 13
1356766234 120 13 120 13
1356766200 118 13 120 13
1356765900 107 13 108 13
1356765600 99 13 101 13
1356765300 94 13 125 13
1356765000 123 13 125 13
1356764700 107 13 108 13
1356764400 101 13 102 13
1356764100 97 13 107 13
1356763800 105 13 107 13
1356763500 92 13 100 13
1356763200 99 13 100 13
1356762900 98 13 113 13
1356762600 112 13 113 13
1356762300 108 13 109 13
1356762000 102 13 104 13
1356761700 96 13 106 13
1356761400 106 13 108 13
1356761100 107 13 108 13
1356760800 103 13 104 13
1356760500 99 13 107 13
1356760200 105 13 107 13
1356759900 97 13 100 13
1356759600 99 13 100 13
1356759300 117 13 294 13
1356759000 301 13 359 13
1356758700 333 13 359 13
1356758400 126 13 130 13
1356758100 100 13 126 13
1356757800 122 13 126 13
1356757500 96 13 112 13
1356757200 110 13 112 13
1356756900 97 13 113 13
1356756600 110 13 113 13
1356756300 95 13 105 13
1356756000 104 13 105 13
1356755700 109 13 203 13
1356755400 230 13 446 13
1356755100 435 13 446 13
1356754800 353 13 358 13
1356754500 348 13 358 13
1356754200 279 13 306 13
1356753900 315 13 387 13
1356753600 381 13 387 13
1356753300 344 13 415 13
1356753000 408 13 415 13
1356752700 353 13 362 13
1356752400 269 13 285 13
1356752100 141 13 144 13
1356751800 120 13 124 13
1356751500 96 13 100 13
1356751200 100 13 101 13
1356750900 102 13 113 13
1356750600 111 13 113 13
1356750300 100 13 106 13
1356750000 105 13 106 13
1356749700 110 13 168 14
1356749400 159 13 168 14
1356749100 95 13 100 13
1356748800 99 13 100 13
1356748500 100 13 114 13
1356748200 127 13 235 13
1356747900 245 13 329 13
1356747600 331 13 352 13
1356747300 358 13 405 13
1356747000 403 13 405 13
1356746700 397 13 463 13
1356746400 454 13 463 13
1356746100 382 13 384 13
1356745800 372 13 374 13
1356745500 363 13 381 13
1356745200 380 13 381 13
1356744900 371 13 373 13
1356744600 362 13 389 13
1356744300 405 13 533 13
1356744000 511 13 533 13
1356743700 345 13 368 13
1356743400 361 13 368 13
1356743100 319 13 377 13
1356742800 382 13 427 13
1356742500 426 13 427 13
1356742200 419 13 427 13
1356741900 410 13 427 13
1356741600 286 13 342 13
1356741300 352 13 437 13
1356741000 430 13 437 13
1356740700 386 13 426 13
1356740400 427 13 442 13
1356740100 430 13 442 13
1356739800 339 13 340 13
1356739500 345 13 392 13
1356739200 399 13 458 13
1356738900 442 13 458 13
1356738600 325 13 390 13
1356738300 391 13 408 13
1356738000 405 13 408 13
1356737700 379 13 386 13
1356737400 330 13 363 13
1356737100 366 13 397 13
1356736800 398 13 408 13
1356736500 406 13 408 13
1356736200 391 13 395 13
1356735900 373 13 438 13
1356735600 428 13 438 13
1356735300 352 13 353 13
1356735000 356 13 417 13
1356734700 411 13 417 13
1356734400 364 13 379 13
1356734100 380 13 396 13
1356733800 385 13 396 13
1356733500 313 13 394 13
1356733200 384 13 394 13
1356732900 314 13 385 13
1356732600 378 12 385 13
1356732300 333 12 372 13
1356732000 369 13 372 13
1356731700 353 13 358 13
1356731400 359 13 371 13
1356731100 363 13 371 13
1356730800 314 13 412 13
1356730500 407 13 412 13
1356730200 364 13 371 13
1356729900 324 13 439 13
1356729600 423 13 439 13
1356729300 312 13 416 13
1356729000 411 13 416 13
1356728700 378 13 418 13
1356728400 423 13 465 13
1356728100 458 13 465 13
1356727800 395 13 409 13
1356727500 294 13 351 13
1356727200 355 13 389 13
1356726900 389 13 398 13
1356726600 401 13 427 13
1356726300 415 13 427 13
1356726000 339 13 461 13
1356725700 455 13 461 13
1356725400 401 13 407 13
1356725100 354 13 361 13
1356724800 365 13 400 13
1356724500 401 13 410 13
1356724200 408 13 410 13
1356723900 405 13 453 13
1356723600 453 13 460 13
1356723300 450 13 460 13
1356723000 370 13 372 13
1356722700 365 13 440 13
1356722400 443 13 470 13
1356722100 471 13 482 13
1356721800 472 13 482 13
1356721500 396 13 437 13
1356721200 426 13 437 13
1356720900 359 13 530 13
1356720600 508 13 530 13
1356720300 357 13 507 13
1356720000 485 13 507 13
1356719700 339 13 532 13
1356719400 524 13 532 13
1356719100 465 13 468 13
1356718800 429 13 441 13
1356718500 336 13 347 13
1356718200 358 13 451 13
1356717900 443 13 451 13
1356717600 390 13 439 13
1356717300 413 13 439 13
1356717000 209 13 258 14
1356716700 242 14 258 14
1356716400 116 13 120 14
1356716100 92 13 106 13
1356715800 104 13 106 13
1356715500 96 13 100 13
1356715200 99 13 100 13
1356714900 93 13 107 13
1356714600 105 13 107 13
1356714300 96 13 98 13
1356714000 97 13 98 13
1356713700 96 13 108 13
1356713400 106 13 108 13
1356713100 93 13 100 13
1356712800 99 13 100 13
1356712500 97 13 107 13
1356712200 105 13 107 13
1356711900 94 13 117 13
1356711600 114 13 117 13
1356711300 98 13 116 13
1356711000 113 13 116 13
1356710700 96 13 100 13
1356710400 99 13 100 13
1356710100 94 13 107 13
1356709800 106 13 107 13
1356709500 101 13 102 13
1356709200 100 13 101 13
1356708900 93 13 107 13
1356708600 105 13 107 13
1356708300 96 13 98 13
1356708000 97 13 98 13
1356707700 96 13 107 13
1356707400 105 13 107 13
1356707100 96 13 115 13
1356706800 112 13 115 13
1356706500 96 13 113 13
1356706200 110 13 113 13
1356705900 92 13 101 13
1356705600 100 13 101 13
1356705300 96 13 104 13
1356705000 103 13 104 13
1356704700 95 13 101 13
1356704400 100 13 101 13
1356704100 96 13 105 13
1356703800 105 13 106 13
1356703500 109 13 140 13
1356703200 140 13 149 13
1356702900 145 13 149 13
1356702600 118 13 119 13
1356702300 111 13 113 13
1356702000 98 13 99 13
1356701700 99 13 112 13
1356701400 110 13 112 13
1356701100 96 13 97 13
1356700800 98 13 108 13
1356700500 109 13 120 13
1356700200 118 13 120 13
1356699900 108 13 109 13
1356699600 99 13 100 13
1356699300 96 13 112 13
1356699000 110 13 112 13
1356698700 98 13 114 13
1356698400 113 13 114 13
1356698100 107 13 108 13
1356697800 103 13 104 13
1356697500 96 13 104 13
1356697200 102 13 104 13
1356696900 95 13 112 13
1356696600 111 13 112 13
1356696300 108 13 110 13
1356696000 99 13 100 13
1356695700 96 13 127 13
1356695400 124 13 127 13
1356695100 105 13 107 13
1356694800 94 13 106 13
1356694500 105 13 106 13
1356694200 102 13 103 13
1356693900 99 13 108 13
1356693600 107 13 108 13
1356693300 102 13 104 13
1356693000 104 13 110 13
1356692700 108 13 110 13
1356692400 97 13 105 13
1356692100 107 13 129 13
1356691800 135 13 193 13
1356691500 182 13 193 13
1356691200 96 13 99 13
1356690900 100 13 111 13
1356690600 110 13 111 13
1356690300 103 13 110 13
1356690000 110 13 110 13
1356689700 110 13 115 13
1356689400 113 12 115 13
1356689100 103 12 104 13
1356688800 99 13 103 13
1356688500 119 13 255 14
1356688200 239 13 255 14
1356687900 108 13 118 13
1356687600 118 13 120 13
1356687300 117 13 120 13
1356687000 98 13 109 13
1356686700 136 13 363 13
1356686400 373 13 458 13
1356686100 441 13 458 13
1356685800 316 13 431 13
1356685500 424 13 431 13
1356685200 370 13 398 13
1356684900 393 13 398 13
1356684600 333 13 358 13
1356684300 129 13 138 13
1356684000 135 13 138 13
1356683700 115 13 118 13
1356683400 97 13 108 13
1356683100 109 13 121 13
1356682800 118 13 121 13
1356682500 99 13 100 13
1356682200 100 13 134 13
1356681900 128 13 134 13
1356681600 82 13 101 13
1356681300 101 13 109 13
1356681000 110 13 127 13
1356680700 124 13 127 13
1356680400 106 13 112 13
1356680100 110 13 112 13
1356679800 124 13 358 13
1356679500 360 13 379 13
1356679200 381 13 405 13
1356678900 401 13 405 13
1356678600 363 13 370 13
1356678300 316 13 373 13
1356678000 376 13 406 13
1356677700 395 13 406 13
1356677400 316 13 400 13
1356677100 402 13 422 14
1356676800 440 13 600 14
1356676500 576 13 600 13
1356676200 373 13 378 13
1356675900 344 13 414 13
1356675600 414 13 423 13
1356675300 432 13 516 14
1356675000 501 13 516 14
1356674700 410 13 629 14
1356674400 603 13 629 14
1356674100 392 13 395 13
1356673800 392 13 395 13
1356673500 374 13 400 13
1356673200 399 13 400 13
1356672900 398 13 398 13
1356672600 422 13 631 14
1356672300 617 14 631 14
1356672000 495 13 508 14
1356671700 403 13 479 13
1356671400 477 13 479 13
1356671100 464 13 469 13
1356670800 429 13 430 13
1356670500 421 13 427 13
1356670200 386 13 440 13
1356669900 434 13 440 13
1356669600 394 13 436 13
1356669300 431 13 436 13
1356669000 387 13 391 13
1356668700 361 13 417 13
1356668400 415 13 417 13
1356668100 414 13 542 14
1356667800 530 13 542 14
1356667500 427 13 438 13
1356667200 322 13 340 13
1356666900 178 13 202 15
1356666600 39 2 202 15
1356666300 0 0 0 0
1356666000 0 0 0 0
1356665700 0 0 0 0
1356665400 0 0 0 0
1356665100 0 0 0 0
1356664800 0 0 0 0
1356664500 0 0 0 0
1356664200 0 0 0 0
1356663900 0 0 0 0
1356663600 0 0 0 0
1356663300 0 0 0 0
1356663000 0 0 0 0
1356662700 0 0 0 0
1356662400 0 0 0 0
1356662100 0 0 0 0
1356661800 0 0 0 0
1356661500 0 0 0 0
1356661200 0 0 0 0
1356660900 0 0 0 0
1356660600 0 0 0 0
1356660300 0 0 0 0
1356660000 0 0 0 0
1356659700 0 0 0 0
1356659400 0 0 0 0
1356659100 0 0 0 0
1356658800 0 0 0 0
1356658500 0 0 0 0
1356658200 0 0 0 0
1356657900 0 0 0 0
1356657600 0 0 0 0
1356657300 0 0 0 0
1356657000 0 0 0 0
1356656700 0 0 0 0
1356656400 0 0 0 0
1356656100 0 0 0 0
1356655800 0 0 0 0
1356655500 0 0 0 0
1356655200 0 0 0 0
1356654900 0 0 0 0
1356654600 0 0 0 0
1356654300 0 0 0 0
1356654000 0 0 0 0
1356653700 0 0 0 0
1356653400 0 0 0 0
1356653100 0 0 0 0
1356652800 0 0 0 0
1356652500 0 0 0 0
1356652200 0 0 0 0
1356651900 0 0 0 0
1356651600 0 0 0 0
1356651300 0 0 0 0
1356651000 0 0 0 0
1356650700 0 0 0 0
1356650400 0 0 0 0
1356650100 0 0 0 0
1356649800 0 0 0 0
1356649500 0 0 0 0
1356649200 0 0 0 0
1356648900 0 0 0 0
1356648600 0 0 0 0
1356648300 0 0 0 0
1356648000 0 0 0 0
1356647700 0 0 0 0
1356647400 0 0 0 0
1356647100 0 0 0 0
1356646800 0 0 0 0
1356646500 0 0 0 0
1356646200 0 0 0 0
1356645900 0 0 0 0
1356645600 0 0 0 0
1356645300 0 0 0 0
1356645000 0 0 0 0
1356644700 0 0 0 0
1356644400 0 0 0 0
1356644100 0 0 0 0
1356643800 0 0 0 0
1356643500 0 0 0 0
1356643200 0 0 0 0
1356642900 0 0 0 0
1356642600 0 0 0 0
1356642300 0 0 0 0
1356642000 0 0 0 0
1356641700 0 0 0 0
1356641400 0 0 0 0
1356641100 0 0 0 0
1356640800 0 0 0 0
1356640500 0 0 0 0
1356640200 0 0 0 0
1356639900 0 0 0 0
1356639600 0 0 0 0
1356639300 0 0 0 0
1356639000 0 0 0 0
1356638700 0 0 0 0
1356638400 0 0 0 0
1356638100 0 0 0 0
1356637800 0 0 0 0
1356637500 0 0 0 0
1356637200 0 0 0 0
1356636900 0 0 0 0
1356636600 0 0 0 0
1356636300 0 0 0 0
1356636000 0 0 0 0
1356635700 0 0 0 0
1356635400 0 0 0 0
1356635100 0 0 0 0
1356634800 0 0 0 0
1356634500 0 0 0 0
1356634200 0 0 0 0
1356633900 0 0 0 0
1356633600 0 0 0 0
1356633300 0 0 0 0
1356633000 0 0 0 0
1356632700 0 0 0 0
1356632400 0 0 0 0
1356632100 0 0 0 0
1356631800 0 0 0 0
1356631500 0 0 0 0
1356631200 0 0 0 0
1356630900 0 0 0 0
1356630600 0 0 0 0
1356630300 0 0 0 0
1356630000 0 0 0 0
1356629700 0 0 0 0
1356629400 0 0 0 0
1356629100 0 0 0 0
1356628800 0 0 0 0
1356628500 0 0 0 0
1356628200 0 0 0 0
1356627900 0 0 0 0
1356627600 0 0 0 0
1356627300 0 0 0 0
1356627000 0 0 0 0
1356626700 0 0 0 0
1356626400 0 0 0 0
1356626100 0 0 0 0
1356625800 0 0 0 0
1356625500 0 0 0 0
1356625200 0 0 0 0
1356624900 0 0 0 0
1356624600 0 0 0 0
1356624300 0 0 0 0
1356624000 0 0 0 0
1356623700 0 0 0 0
1356623400 0 0 0 0
1356623100 0 0 0 0
1356622800 0 0 0 0
1356622500 0 0 0 0
1356622200 0 0 0 0
1356621900 0 0 0 0
1356621600 0 0 0 0
1356621300 0 0 0 0
1356621000 0 0 0 0
1356620700 0 0 0 0
1356620400 0 0 0 0
1356620100 0 0 0 0
1356619800 0 0 0 0
1356619500 0 0 0 0
1356619200 0 0 0 0
1356618900 0 0 0 0
1356618600 0 0 0 0
1356618300 0 0 0 0
1356618000 0 0 0 0
1356617700 0 0 0 0
1356617400 0 0 0 0
1356617100 0 0 0 0
1356616800 0 0 0 0
1356616500 0 0 0 0
1356616200 0 0 0 0
1356615900 0 0 0 0
1356615600 0 0 0 0
1356615300 0 0 0 0
1356615000 0 0 0 0
1356614700 0 0 0 0
1356614400 0 0 0 0
1356614100 0 0 0 0
1356613800 0 0 0 0
1356613500 0 0 0 0
1356613200 0 0 0 0
1356612900 0 0 0 0
1356612600 0 0 0 0
1356612300 0 0 0 0
1356612000 0 0 0 0
1356611700 0 0 0 0
1356611400 0 0 0 0
1356611100 0 0 0 0
1356610800 0 0 0 0
1356610500 0 0 0 0
1356610200 0 0 0 0
1356609900 0 0 0 0
1356609600 0 0 0 0
1356609300 0 0 0 0
1356609000 0 0 0 0
1356608700 0 0 0 0
1356608400 0 0 0 0
1356608100 0 0 0 0
1356607800 0 0 0 0
1356607500 0 0 0 0
1356607200 0 0 0 0
1356606900 0 0 0 0
1356606600 0 0 0 0
1356606300 0 0 0 0
1356606000 0 0 0 0
1356605700 0 0 0 0
1356605400 0 0 0 0
1356605100 0 0 0 0
1356604800 0 0 0 0
1356604500 0 0 0 0
1356604200 0 0 0 0
1356603900 0 0 0 0
1356603600 0 0 0 0
1356603300 0 0 0 0
1356603000 0 0 0 0
1356602700 0 0 0 0
1356602400 0 0 0 0
1356602100 0 0 0 0
1356601800 0 0 0 0
1356601500 0 0 0 0
1356601200 0 0 0 0
1356600900 0 0 0 0
1356600600 0 0 0 0
1356600300 0 0 0 0
1356600000 0 0 0 0
1356599700 0 0 0 0
1356599400 0 0 0 0
1356599100 0 0 0 0
1356598800 0 0 0 0
1356598500 0 0 0 0
1356598200 0 0 0 0
1356597900 0 0 0 0
1356597600 0 0 0 0
1356597300 0 0 0 0
1356597000 0 0 0 0
1356596700 0 0 0 0
1356596400 0 0 0 0
1356596100 0 0 0 0
1356595800 0 0 0 0
1356595500 0 0 0 0
1356595200 0 0 0 0
1356594900 0 0 0 0
1356594600 0 0 0 0
1356594300 0 0 0 0
1356594000 0 0 0 0
1356593700 0 0 0 0
1356593400 0 0 0 0
1356593100 0 0 0 0
1356592800 0 0 0 0
1356592500 0 0 0 0
1356592200 0 0 0 0
1356591900 0 0 0 0
1356591600 0 0 0 0
1356591300 0 0 0 0
1356591000 0 0 0 0
1356590700 0 0 0 0
1356590400 0 0 0 0
1356590100 0 0 0 0
1356589800 0 0 0 0
1356589500 0 0 0 0
1356589200 0 0 0 0
1356588900 0 0 0 0
1356588600 0 0 0 0
1356588300 0 0 0 0
1356588000 0 0 0 0
1356587700 0 0 0 0
1356587400 0 0 0 0
1356587100 0 0 0 0
1356586800 0 0 0 0
1356586500 0 0 0 0
1356586200 0 0 0 0
1356584400 0 0 0 0
1356582600 0 0 0 0
1356580800 0 0 0 0
1356579000 0 0 0 0
1356577200 0 0 0 0
1356575400 0 0 0 0
1356573600 0 0 0 0
1356571800 0 0 0 0
1356570000 0 0 0 0
1356568200 0 0 0 0
1356566400 0 0 0 0
1356564600 0 0 0 0
1356562800 0 0 0 0
1356561000 0 0 0 0
1356559200 0 0 0 0
1356557400 0 0 0 0
1356555600 0 0 0 0
1356553800 0 0 0 0
1356552000 0 0 0 0
1356550200 0 0 0 0
1356548400 0 0 0 0
1356546600 0 0 0 0
1356544800 0 0 0 0
1356543000 0 0 0 0
1356541200 0 0 0 0
1356539400 0 0 0 0
1356537600 0 0 0 0
1356535800 0 0 0 0
1356534000 0 0 0 0
1356532200 0 0 0 0
1356530400 0 0 0 0
1356528600 0 0 0 0
1356526800 0 0 0 0
1356525000 0 0 0 0
1356523200 0 0 0 0
1356521400 0 0 0 0
1356519600 0 0 0 0
1356517800 0 0 0 0
1356516000 0 0 0 0
1356514200 0 0 0 0
1356512400 0 0 0 0
1356510600 0 0 0 0
1356508800 0 0 0 0
1356507000 0 0 0 0
1356505200 0 0 0 0
1356503400 0 0 0 0
1356501600 0 0 0 0
1356499800 0 0 0 0
1356498000 0 0 0 0
1356496200 0 0 0 0
1356494400 0 0 0 0
1356492600 0 0 0 0
1356490800 0 0 0 0
1356489000 0 0 0 0
1356487200 0 0 0 0
1356485400 0 0 0 0
1356483600 0 0 0 0
1356481800 0 0 0 0
1356480000 0 0 0 0
1356478200 0 0 0 0
1356476400 0 0 0 0
1356474600 0 0 0 0
1356472800 0 0 0 0
1356471000 0 0 0 0
1356469200 0 0 0 0
1356467400 0 0 0 0
1356465600 0 0 0 0
1356463800 0 0 0 0
1356462000 0 0 0 0
1356460200 0 0 0 0
1356458400 0 0 0 0
1356456600 0 0 0 0
1356454800 0 0 0 0
1356453000 0 0 0 0
1356451200 0 0 0 0
1356449400 0 0 0 0
1356447600 0 0 0 0
1356445800 0 0 0 0
1356444000 0 0 0 0
1356442200 0 0 0 0
1356440400 0 0 0 0
1356438600 0 0 0 0
1356436800 0 0 0 0
1356435000 0 0 0 0
1356433200 0 0 0 0
1356431400 0 0 0 0
1356429600 0 0 0 0
1356427800 0 0 0 0
1356426000 0 0 0 0
1356424200 0 0 0 0
1356422400 0 0 0 0
1356420600 0 0 0 0
1356418800 0 0 0 0
1356417000 0 0 0 0
1356415200 0 0 0 0
1356413400 0 0 0 0
1356411600 0 0 0 0
1356409800 0 0 0 0
1356408000 0 0 0 0
1356406200 0 0 0 0
1356404400 0 0 0 0
1356402600 0 0 0 0
1356400800 0 0 0 0
1356399000 0 0 0 0
1356397200 0 0 0 0
1356395400 0 0 0 0
1356393600 0 0 0 0
1356391800 0 0 0 0
1356390000 0 0 0 0
1356388200 0 0 0 0
1356386400 0 0 0 0
1356384600 0 0 0 0
1356382800 0 0 0 0
1356381000 0 0 0 0
1356379200 0 0 0 0
1356377400 0 0 0 0
1356375600 0 0 0 0
1356373800 0 0 0 0
1356372000 0 0 0 0
1356370200 0 0 0 0
1356368400 0 0 0 0
1356366600 0 0 0 0
1356364800 0 0 0 0
1356363000 0 0 0 0
1356361200 0 0 0 0
1356359400 0 0 0 0
1356357600 0 0 0 0
1356355800 0 0 0 0
1356354000 0 0 0 0
1356352200 0 0 0 0
1356350400 0 0 0 0
1356348600 0 0 0 0
1356346800 0 0 0 0
1356345000 0 0 0 0
1356343200 0 0 0 0
1356341400 0 0 0 0
1356339600 0 0 0 0
1356337800 0 0 0 0
1356336000 0 0 0 0
1356334200 0 0 0 0
1356332400 0 0 0 0
1356330600 0 0 0 0
1356328800 0 0 0 0
1356327000 0 0 0 0
1356325200 0 0 0 0
1356323400 0 0 0 0
1356321600 0 0 0 0
1356319800 0 0 0 0
1356318000 0 0 0 0
1356316200 0 0 0 0
1356314400 0 0 0 0
1356312600 0 0 0 0
1356310800 0 0 0 0
1356309000 0 0 0 0
1356307200 0 0 0 0
1356305400 0 0 0 0
1356303600 0 0 0 0
1356301800 0 0 0 0
1356300000 0 0 0 0
1356298200 0 0 0 0
1356296400 0 0 0 0
1356294600 0 0 0 0
1356292800 0 0 0 0
1356291000 0 0 0 0
1356289200 0 0 0 0
1356287400 0 0 0 0
1356285600 0 0 0 0
1356283800 0 0 0 0
1356282000 0 0 0 0
1356280200 0 0 0 0
1356278400 0 0 0 0
1356276600 0 0 0 0
1356274800 0 0 0 0
1356273000 0 0 0 0
1356271200 0 0 0 0
1356269400 0 0 0 0
1356267600 0 0 0 0
1356265800 0 0 0 0
1356264000 0 0 0 0
1356262200 0 0 0 0
1356260400 0 0 0 0
1356258600 0 0 0 0
1356256800 0 0 0 0
1356255000 0 0 0 0
1356253200 0 0 0 0
1356251400 0 0 0 0
1356249600 0 0 0 0
1356247800 0 0 0 0
1356246000 0 0 0 0
1356244200 0 0 0 0
1356242400 0 0 0 0
1356240600 0 0 0 0
1356238800 0 0 0 0
1356237000 0 0 0 0
1356235200 0 0 0 0
1356233400 0 0 0 0
1356231600 0 0 0 0
1356229800 0 0 0 0
1356228000 0 0 0 0
1356226200 0 0 0 0
1356224400 0 0 0 0
1356222600 0 0 0 0
1356220800 0 0 0 0
1356219000 0 0 0 0
1356217200 0 0 0 0
1356215400 0 0 0 0
1356213600 0 0 0 0
1356211800 0 0 0 0
1356210000 0 0 0 0
1356208200 0 0 0 0
1356206400 0 0 0 0
1356204600 0 0 0 0
1356202800 0 0 0 0
1356201000 0 0 0 0
1356199200 0 0 0 0
1356197400 0 0 0 0
1356195600 0 0 0 0
1356193800 0 0 0 0
1356192000 0 0 0 0
1356190200 0 0 0 0
1356188400 0 0 0 0
1356186600 0 0 0 0
1356184800 0 0 0 0
1356183000 0 0 0 0
1356181200 0 0 0 0
1356179400 0 0 0 0
1356177600 0 0 0 0
1356175800 0 0 0 0
1356174000 0 0 0 0
1356172200 0 0 0 0
1356170400 0 0 0 0
1356168600 0 0 0 0
1356166800 0 0 0 0
1356165000 0 0 0 0
1356163200 0 0 0 0
1356161400 0 0 0 0
1356159600 0 0 0 0
1356157800 0 0 0 0
1356156000 0 0 0 0
1356154200 0 0 0 0
1356152400 0 0 0 0
1356150600 0 0 0 0
1356148800 0 0 0 0
1356147000 0 0 0 0
1356145200 0 0 0 0
1356143400 0 0 0 0
1356141600 0 0 0 0
1356139800 0 0 0 0
1356138000 0 0 0 0
1356136200 0 0 0 0
1356134400 0 0 0 0
1356132600 0 0 0 0
1356130800 0 0 0 0
1356129000 0 0 0 0
1356127200 0 0 0 0
1356125400 0 0 0 0
1356123600 0 0 0 0
1356121800 0 0 0 0
1356120000 0 0 0 0
1356118200 0 0 0 0
1356116400 0 0 0 0
1356114600 0 0 0 0
1356112800 0 0 0 0
1356111000 0 0 0 0
1356109200 0 0 0 0
1356107400 0 0 0 0
1356105600 0 0 0 0
1356103800 0 0 0 0
1356102000 0 0 0 0
1356100200 0 0 0 0
1356098400 0 0 0 0
1356096600 0 0 0 0
1356094800 0 0 0 0
1356093000 0 0 0 0
1356091200 0 0 0 0
1356089400 0 0 0 0
1356087600 0 0 0 0
1356085800 0 0 0 0
1356084000 0 0 0 0
1356082200 0 0 0 0
1356080400 0 0 0 0
1356078600 0 0 0 0
1356076800 0 0 0 0
1356075000 0 0 0 0
1356073200 0 0 0 0
1356071400 0 0 0 0
1356069600 0 0 0 0
1356067800 0 0 0 0
1356066000 0 0 0 0
1356064200 0 0 0 0
1356062400 0 0 0 0
1356060600 0 0 0 0
1356058800 0 0 0 0
1356057000 0 0 0 0
1356055200 0 0 0 0
1356053400 0 0 0 0
1356051600 0 0 0 0
1356049800 0 0 0 0
1356048000 0 0 0 0
1356046200 0 0 0 0
1356044400 0 0 0 0
1356042600 0 0 0 0
1356040800 0 0 0 0
1356039000 0 0 0 0
1356037200 0 0 0 0
1356035400 0 0 0 0
1356033600 0 0 0 0
1356031800 0 0 0 0
1356030000 0 0 0 0
1356028200 0 0 0 0
1356026400 0 0 0 0
1356024600 0 0 0 0
1356022800 0 0 0 0
1356021000 0 0 0 0
1356019200 0 0 0 0
1356017400 0 0 0 0
1356015600 0 0 0 0
1356013800 0 0 0 0
1356012000 0 0 0 0
1356010200 0 0 0 0
1356008400 0 0 0 0
1356006600 0 0 0 0
1356004800 0 0 0 0
1356003000 0 0 0 0
1356001200 0 0 0 0
1355999400 0 0 0 0
1355997600 0 0 0 0
1355995800 0 0 0 0
1355994000 0 0 0 0
1355992200 0 0 0 0
1355990400 0 0 0 0
1355988600 0 0 0 0
1355986800 0 0 0 0
1355985000 0 0 0 0
1355983200 0 0 0 0
1355981400 0 0 0 0
1355979600 0 0 0 0
1355977800 0 0 0 0
1355976000 0 0 0 0
1355974200 0 0 0 0
1355972400 0 0 0 0
1355970600 0 0 0 0
1355968800 0 0 0 0
1355967000 0 0 0 0
1355965200 0 0 0 0
1355963400 0 0 0 0
1355961600 0 0 0 0
1355959800 0 0 0 0
1355958000 0 0 0 0
1355956200 0 0 0 0
1355954400 0 0 0 0
1355952600 0 0 0 0
1355950800 0 0 0 0
1355949000 0 0 0 0
1355947200 0 0 0 0
1355945400 0 0 0 0
1355943600 0 0 0 0
1355941800 0 0 0 0
1355940000 0 0 0 0
1355938200 0 0 0 0
1355936400 0 0 0 0
1355934600 0 0 0 0
1355932800 0 0 0 0
1355931000 0 0 0 0
1355929200 0 0 0 0
1355927400 0 0 0 0
1355925600 0 0 0 0
1355923800 0 0 0 0
1355922000 0 0 0 0
1355920200 0 0 0 0
1355918400 0 0 0 0
1355916600 0 0 0 0
1355914800 0 0 0 0
1355913000 0 0 0 0
1355911200 0 0 0 0
1355909400 0 0 0 0
1355907600 0 0 0 0
1355905800 0 0 0 0
1355904000 0 0 0 0
1355902200 0 0 0 0
1355900400 0 0 0 0
1355898600 0 0 0 0
1355896800 0 0 0 0
1355895000 0 0 0 0
1355893200 0 0 0 0
1355891400 0 0 0 0
1355889600 0 0 0 0
1355887800 0 0 0 0
1355886000 0 0 0 0
1355884200 0 0 0 0
1355882400 0 0 0 0
1355880600 0 0 0 0
1355878800 0 0 0 0
1355877000 0 0 0 0
1355875200 0 0 0 0
1355873400 0 0 0 0
1355871600 0 0 0 0
1355869800 0 0 0 0
1355868000 0 0 0 0
1355866200 0 0 0 0
1355864400 0 0 0 0
1355862600 0 0 0 0
1355860800 0 0 0 0
1355859000 0 0 0 0
1355857200 0 0 0 0
1355855400 0 0 0 0
1355853600 0 0 0 0
1355851800 0 0 0 0
1355850000 0 0 0 0
1355848200 0 0 0 0
1355846400 0 0 0 0
1355844600 0 0 0 0
1355842800 0 0 0 0
1355841000 0 0 0 0
1355839200 0 0 0 0
1355837400 0 0 0 0
1355835600 0 0 0 0
1355833800 0 0 0 0
1355832000 0 0 0 0
1355830200 0 0 0 0
1355828400 0 0 0 0
1355826600 0 0 0 0
1355824800 0 0 0 0
1355823000 0 0 0 0
1355821200 0 0 0 0
1355819400 0 0 0 0
1355817600 0 0 0 0
1355815800 0 0 0 0
1355814000 0 0 0 0
1355812200 0 0 0 0
1355810400 0 0 0 0
1355808600 0 0 0 0
1355806800 0 0 0 0
1355805000 0 0 0 0
1355803200 0 0 0 0
1355801400 0 0 0 0
1355799600 0 0 0 0
1355797800 0 0 0 0
1355796000 0 0 0 0
1355794200 0 0 0 0
1355792400 0 0 0 0
1355790600 0 0 0 0
1355788800 0 0 0 0
1355787000 0 0 0 0
1355785200 0 0 0 0
1355783400 0 0 0 0
1355781600 0 0 0 0
1355779800 0 0 0 0
1355778000 0 0 0 0
1355776200 0 0 0 0
1355774400 0 0 0 0
1355772600 0 0 0 0
1355770800 0 0 0 0
1355769000 0 0 0 0
1355767200 0 0 0 0
1355765400 0 0 0 0
1355763600 0 0 0 0
1355761800 0 0 0 0
1355760000 0 0 0 0
1355758200 0 0 0 0
1355756400 0 0 0 0
1355754600 0 0 0 0
1355752800 0 0 0 0
1355751000 0 0 0 0
1355749200 0 0 0 0
1355747400 0 0 0 0
1355745600 0 0 0 0
1355743800 0 0 0 0
1355742000 0 0 0 0
1355740200 0 0 0 0
1355738400 0 0 0 0
1355736600 0 0 0 0
1355734800 0 0 0 0
1355733000 0 0 0 0
1355731200 0 0 0 0
1355729400 0 0 0 0
1355727600 0 0 0 0
1355725800 0 0 0 0
1355724000 0 0 0 0
1355722200 0 0 0 0
1355720400 0 0 0 0
1355718600 0 0 0 0
1355716800 0 0 0 0
1355715000 0 0 0 0
1355713200 0 0 0 0
1355711400 0 0 0 0
1355709600 0 0 0 0
1355707800 0 0 0 0
1355706000 0 0 0 0
1355704200 0 0 0 0
1355702400 0 0 0 0
1355700600 0 0 0 0
1355698800 0 0 0 0
1355697000 0 0 0 0
1355695200 0 0 0 0
1355693400 0 0 0 0
1355691600 0 0 0 0
1355689800 0 0 0 0
1355688000 0 0 0 0
1355686200 0 0 0 0
1355684400 0 0 0 0
1355682600 0 0 0 0
1355680800 0 0 0 0
1355679000 0 0 0 0
1355677200 0 0 0 0
1355675400 0 0 0 0
1355673600 0 0 0 0
1355671800 0 0 0 0
1355670000 0 0 0 0
1355668200 0 0 0 0
1355666400 0 0 0 0
1355664600 0 0 0 0
1355662800 0 0 0 0
1355661000 0 0 0 0
1355659200 0 0 0 0
1355657400 0 0 0 0
1355655600 0 0 0 0
1355653800 0 0 0 0
1355652000 0 0 0 0
1355650200 0 0 0 0
1355648400 0 0 0 0
1355646600 0 0 0 0
1355644800 0 0 0 0
1355643000 0 0 0 0
1355641200 0 0 0 0
1355639400 0 0 0 0
1355637600 0 0 0 0
1355635800 0 0 0 0
1355634000 0 0 0 0
1355632200 0 0 0 0
1355630400 0 0 0 0
1355628600 0 0 0 0
1355626800 0 0 0 0
1355625000 0 0 0 0
1355623200 0 0 0 0
1355621400 0 0 0 0
1355619600 0 0 0 0
1355617800 0 0 0 0
1355616000 0 0 0 0
1355614200 0 0 0 0
1355612400 0 0 0 0
1355610600 0 0 0 0
1355608800 0 0 0 0
1355607000 0 0 0 0
1355605200 0 0 0 0
1355603400 0 0 0 0
1355601600 0 0 0 0
1355599800 0 0 0 0
1355598000 0 0 0 0
1355596200 0 0 0 0
1355594400 0 0 0 0
1355592600 0 0 0 0
1355590800 0 0 0 0
1355589000 0 0 0 0
1355587200 0 0 0 0
1355585400 0 0 0 0
1355583600 0 0 0 0
1355581800 0 0 0 0
1355580000 0 0 0 0
1355578200 0 0 0 0
1355576400 0 0 0 0
1355574600 0 0 0 0
1355572800 0 0 0 0
1355571000 0 0 0 0
1355569200 0 0 0 0
1355567400 0 0 0 0
1355565600 0 0 0 0
1355563800 0 0 0 0
1355562000 0 0 0 0
1355560200 0 0 0 0
1355558400 0 0 0 0
1355556600 0 0 0 0
1355554800 0 0 0 0
1355553000 0 0 0 0
1355551200 0 0 0 0
1355549400 0 0 0 0
1355547600 0 0 0 0
1355545800 0 0 0 0
1355544000 0 0 0 0
1355542200 0 0 0 0
1355540400 0 0 0 0
1355538600 0 0 0 0
1355536800 0 0 0 0
1355535000 0 0 0 0
1355533200 0 0 0 0
1355531400 0 0 0 0
1355529600 0 0 0 0
1355527800 0 0 0 0
1355526000 0 0 0 0
1355524200 0 0 0 0
1355522400 0 0 0 0
1355520600 0 0 0 0
1355518800 0 0 0 0
1355517000 0 0 0 0
1355515200 0 0 0 0
1355513400 0 0 0 0
1355511600 0 0 0 0
1355509800 0 0 0 0
1355508000 0 0 0 0
1355506200 0 0 0 0
1355500800 0 0 0 0
1355493600 0 0 0 0
1355486400 0 0 0 0
1355479200 0 0 0 0
1355472000 0 0 0 0
1355464800 0 0 0 0
1355457600 0 0 0 0
1355450400 0 0 0 0
1355443200 0 0 0 0
1355436000 0 0 0 0
1355428800 0 0 0 0
1355421600 0 0 0 0
1355414400 0 0 0 0
1355407200 0 0 0 0
1355400000 0 0 0 0
1355392800 0 0 0 0
1355385600 0 0 0 0
1355378400 0 0 0 0
1355371200 0 0 0 0
1355364000 0 0 0 0
1355356800 0 0 0 0
1355349600 0 0 0 0
1355342400 0 0 0 0
1355335200 0 0 0 0
1355328000 0 0 0 0
1355320800 0 0 0 0
1355313600 0 0 0 0
1355306400 0 0 0 0
1355299200 0 0 0 0
1355292000 0 0 0 0
1355284800 0 0 0 0
1355277600 0 0 0 0
1355270400 0 0 0 0
1355263200 0 0 0 0
1355256000 0 0 0 0
1355248800 0 0 0 0
1355241600 0 0 0 0
1355234400 0 0 0 0
1355227200 0 0 0 0
1355220000 0 0 0 0
1355212800 0 0 0 0
1355205600 0 0 0 0
1355198400 0 0 0 0
1355191200 0 0 0 0
1355184000 0 0 0 0
1355176800 0 0 0 0
1355169600 0 0 0 0
1355162400 0 0 0 0
1355155200 0 0 0 0
1355148000 0 0 0 0
1355140800 0 0 0 0
1355133600 0 0 0 0
1355126400 0 0 0 0
1355119200 0 0 0 0
1355112000 0 0 0 0
1355104800 0 0 0 0
1355097600 0 0 0 0
1355090400 0 0 0 0
1355083200 0 0 0 0
1355076000 0 0 0 0
1355068800 0 0 0 0
1355061600 0 0 0 0
1355054400 0 0 0 0
1355047200 0 0 0 0
1355040000 0 0 0 0
1355032800 0 0 0 0
1355025600 0 0 0 0
1355018400 0 0 0 0
1355011200 0 0 0 0
1355004000 0 0 0 0
1354996800 0 0 0 0
1354989600 0 0 0 0
1354982400 0 0 0 0
1354975200 0 0 0 0
1354968000 0 0 0 0
1354960800 0 0 0 0
1354953600 0 0 0 0
1354946400 0 0 0 0
1354939200 0 0 0 0
1354932000 0 0 0 0
1354924800 0 0 0 0
1354917600 0 0 0 0
1354910400 0 0 0 0
1354903200 0 0 0 0
1354896000 0 0 0 0
1354888800 0 0 0 0
1354881600 0 0 0 0
1354874400 0 0 0 0
1354867200 0 0 0 0
1354860000 0 0 0 0
1354852800 0 0 0 0
1354845600 0 0 0 0
1354838400 0 0 0 0
1354831200 0 0 0 0
1354824000 0 0 0 0
1354816800 0 0 0 0
1354809600 0 0 0 0
1354802400 0 0 0 0
1354795200 0 0 0 0
1354788000 0 0 0 0
1354780800 0 0 0 0
1354773600 0 0 0 0
1354766400 0 0 0 0
1354759200 0 0 0 0
1354752000 0 0 0 0
1354744800 0 0 0 0
1354737600 0 0 0 0
1354730400 0 0 0 0
1354723200 0 0 0 0
1354716000 0 0 0 0
1354708800 0 0 0 0
1354701600 0 0 0 0
1354694400 0 0 0 0
1354687200 0 0 0 0
1354680000 0 0 0 0
1354672800 0 0 0 0
1354665600 0 0 0 0
1354658400 0 0 0 0
1354651200 0 0 0 0
1354644000 0 0 0 0
1354636800 0 0 0 0
1354629600 0 0 0 0
1354622400 0 0 0 0
1354615200 0 0 0 0
1354608000 0 0 0 0
1354600800 0 0 0 0
1354593600 0 0 0 0
1354586400 0 0 0 0
1354579200 0 0 0 0
1354572000 0 0 0 0
1354564800 0 0 0 0
1354557600 0 0 0 0
1354550400 0 0 0 0
1354543200 0 0 0 0
1354536000 0 0 0 0
1354528800 0 0 0 0
1354521600 0 0 0 0
1354514400 0 0 0 0
1354507200 0 0 0 0
1354500000 0 0 0 0
1354492800 0 0 0 0
1354485600 0 0 0 0
1354478400 0 0 0 0
1354471200 0 0 0 0
1354464000 0 0 0 0
1354456800 0 0 0 0
1354449600 0 0 0 0
1354442400 0 0 0 0
1354435200 0 0 0 0
1354428000 0 0 0 0
1354420800 0 0 0 0
1354413600 0 0 0 0
1354406400 0 0 0 0
1354399200 0 0 0 0
1354392000 0 0 0 0
1354384800 0 0 0 0
1354377600 0 0 0 0
1354370400 0 0 0 0
1354363200 0 0 0 0
1354356000 0 0 0 0
1354348800 0 0 0 0
1354341600 0 0 0 0
1354334400 0 0 0 0
1354327200 0 0 0 0
1354320000 0 0 0 0
1354312800 0 0 0 0
1354305600 0 0 0 0
1354298400 0 0 0 0
1354291200 0 0 0 0
1354284000 0 0 0 0
1354276800 0 0 0 0
1354269600 0 0 0 0
1354262400 0 0 0 0
1354255200 0 0 0 0
1354248000 0 0 0 0
1354240800 0 0 0 0
1354233600 0 0 0 0
1354226400 0 0 0 0
1354219200 0 0 0 0
1354212000 0 0 0 0
1354204800 0 0 0 0
1354197600 0 0 0 0
1354190400 0 0 0 0
1354183200 0 0 0 0
1354176000 0 0 0 0
1354168800 0 0 0 0
1354161600 0 0 0 0
1354154400 0 0 0 0
1354147200 0 0 0 0
1354140000 0 0 0 0
1354132800 0 0 0 0
1354125600 0 0 0 0
1354118400 0 0 0 0
1354111200 0 0 0 0
1354104000 0 0 0 0
1354096800 0 0 0 0
1354089600 0 0 0 0
1354082400 0 0 0 0
1354075200 0 0 0 0
1354068000 0 0 0 0
1354060800 0 0 0 0
1354053600 0 0 0 0
1354046400 0 0 0 0
1354039200 0 0 0 0
1354032000 0 0 0 0
1354024800 0 0 0 0
1354017600 0 0 0 0
1354010400 0 0 0 0
1354003200 0 0 0 0
1353996000 0 0 0 0
1353988800 0 0 0 0
1353981600 0 0 0 0
1353974400 0 0 0 0
1353967200 0 0 0 0
1353960000 0 0 0 0
1353952800 0 0 0 0
1353945600 0 0 0 0
1353938400 0 0 0 0
1353931200 0 0 0 0
1353924000 0 0 0 0
1353916800 0 0 0 0
1353909600 0 0 0 0
1353902400 0 0 0 0
1353895200 0 0 0 0
1353888000 0 0 0 0
1353880800 0 0 0 0
1353873600 0 0 0 0
1353866400 0 0 0 0
1353859200 0 0 0 0
1353852000 0 0 0 0
1353844800 0 0 0 0
1353837600 0 0 0 0
1353830400 0 0 0 0
1353823200 0 0 0 0
1353816000 0 0 0 0
1353808800 0 0 0 0
1353801600 0 0 0 0
1353794400 0 0 0 0
1353787200 0 0 0 0
1353780000 0 0 0 0
1353772800 0 0 0 0
1353765600 0 0 0 0
1353758400 0 0 0 0
1353751200 0 0 0 0
1353744000 0 0 0 0
1353736800 0 0 0 0
1353729600 0 0 0 0
1353722400 0 0 0 0
1353715200 0 0 0 0
1353708000 0 0 0 0
1353700800 0 0 0 0
1353693600 0 0 0 0
1353686400 0 0 0 0
1353679200 0 0 0 0
1353672000 0 0 0 0
1353664800 0 0 0 0
1353657600 0 0 0 0
1353650400 0 0 0 0
1353643200 0 0 0 0
1353636000 0 0 0 0
1353628800 0 0 0 0
1353621600 0 0 0 0
1353614400 0 0 0 0
1353607200 0 0 0 0
1353600000 0 0 0 0
1353592800 0 0 0 0
1353585600 0 0 0 0
1353578400 0 0 0 0
1353571200 0 0 0 0
1353564000 0 0 0 0
1353556800 0 0 0 0
1353549600 0 0 0 0
1353542400 0 0 0 0
1353535200 0 0 0 0
1353528000 0 0 0 0
1353520800 0 0 0 0
1353513600 0 0 0 0
1353506400 0 0 0 0
1353499200 0 0 0 0
1353492000 0 0 0 0
1353484800 0 0 0 0
1353477600 0 0 0 0
1353470400 0 0 0 0
1353463200 0 0 0 0
1353456000 0 0 0 0
1353448800 0 0 0 0
1353441600 0 0 0 0
1353434400 0 0 0 0
1353427200 0 0 0 0
1353420000 0 0 0 0
1353412800 0 0 0 0
1353405600 0 0 0 0
1353398400 0 0 0 0
1353391200 0 0 0 0
1353384000 0 0 0 0
1353376800 0 0 0 0
1353369600 0 0 0 0
1353362400 0 0 0 0
1353355200 0 0 0 0
1353348000 0 0 0 0
1353340800 0 0 0 0
1353333600 0 0 0 0
1353326400 0 0 0 0
1353319200 0 0 0 0
1353312000 0 0 0 0
1353304800 0 0 0 0
1353297600 0 0 0 0
1353290400 0 0 0 0
1353283200 0 0 0 0
1353276000 0 0 0 0
1353268800 0 0 0 0
1353261600 0 0 0 0
1353254400 0 0 0 0
1353247200 0 0 0 0
1353240000 0 0 0 0
1353232800 0 0 0 0
1353225600 0 0 0 0
1353218400 0 0 0 0
1353211200 0 0 0 0
1353204000 0 0 0 0
1353196800 0 0 0 0
1353189600 0 0 0 0
1353182400 0 0 0 0
1353175200 0 0 0 0
1353168000 0 0 0 0
1353160800 0 0 0 0
1353153600 0 0 0 0
1353146400 0 0 0 0
1353139200 0 0 0 0
1353132000 0 0 0 0
1353124800 0 0 0 0
1353117600 0 0 0 0
1353110400 0 0 0 0
1353103200 0 0 0 0
1353096000 0 0 0 0
1353088800 0 0 0 0
1353081600 0 0 0 0
1353074400 0 0 0 0
1353067200 0 0 0 0
1353060000 0 0 0 0
1353052800 0 0 0 0
1353045600 0 0 0 0
1353038400 0 0 0 0
1353031200 0 0 0 0
1353024000 0 0 0 0
1353016800 0 0 0 0
1353009600 0 0 0 0
1353002400 0 0 0 0
1352995200 0 0 0 0
1352988000 0 0 0 0
1352980800 0 0 0 0
1352973600 0 0 0 0
1352966400 0 0 0 0
1352959200 0 0 0 0
1352952000 0 0 0 0
1352944800 0 0 0 0
1352937600 0 0 0 0
1352930400 0 0 0 0
1352923200 0 0 0 0
1352916000 0 0 0 0
1352908800 0 0 0 0
1352901600 0 0 0 0
1352894400 0 0 0 0
1352887200 0 0 0 0
1352880000 0 0 0 0
1352872800 0 0 0 0
1352865600 0 0 0 0
1352858400 0 0 0 0
1352851200 0 0 0 0
1352844000 0 0 0 0
1352836800 0 0 0 0
1352829600 0 0 0 0
1352822400 0 0 0 0
1352815200 0 0 0 0
1352808000 0 0 0 0
1352800800 0 0 0 0
1352793600 0 0 0 0
1352786400 0 0 0 0
1352779200 0 0 0 0
1352772000 0 0 0 0
1352764800 0 0 0 0
1352757600 0 0 0 0
1352750400 0 0 0 0
1352743200 0 0 0 0
1352736000 0 0 0 0
1352728800 0 0 0 0
1352721600 0 0 0 0
1352714400 0 0 0 0
1352707200 0 0 0 0
1352700000 0 0 0 0
1352692800 0 0 0 0
1352685600 0 0 0 0
1352678400 0 0 0 0
1352671200 0 0 0 0
1352664000 0 0 0 0
1352656800 0 0 0 0
1352649600 0 0 0 0
1352642400 0 0 0 0
1352635200 0 0 0 0
1352628000 0 0 0 0
1352620800 0 0 0 0
1352613600 0 0 0 0
1352606400 0 0 0 0
1352599200 0 0 0 0
1352592000 0 0 0 0
1352584800 0 0 0 0
1352577600 0 0 0 0
1352570400 0 0 0 0
1352563200 0 0 0 0
1352556000 0 0 0 0
1352548800 0 0 0 0
1352541600 0 0 0 0
1352534400 0 0 0 0
1352527200 0 0 0 0
1352520000 0 0 0 0
1352512800 0 0 0 0
1352505600 0 0 0 0
1352498400 0 0 0 0
1352491200 0 0 0 0
1352484000 0 0 0 0
1352476800 0 0 0 0
1352469600 0 0 0 0
1352462400 0 0 0 0
1352455200 0 0 0 0
1352448000 0 0 0 0
1352440800 0 0 0 0
1352433600 0 0 0 0
1352426400 0 0 0 0
1352419200 0 0 0 0
1352412000 0 0 0 0
1352404800 0 0 0 0
1352397600 0 0 0 0
1352390400 0 0 0 0
1352383200 0 0 0 0
1352376000 0 0 0 0
1352368800 0 0 0 0
1352361600 0 0 0 0
1352354400 0 0 0 0
1352347200 0 0 0 0
1352340000 0 0 0 0
1352332800 0 0 0 0
1352325600 0 0 0 0
1352318400 0 0 0 0
1352311200 0 0 0 0
1352304000 0 0 0 0
1352296800 0 0 0 0
1352289600 0 0 0 0
1352282400 0 0 0 0
1352275200 0 0 0 0
1352268000 0 0 0 0
1352260800 0 0 0 0
1352253600 0 0 0 0
1352246400 0 0 0 0
1352239200 0 0 0 0
1352232000 0 0 0 0
1352224800 0 0 0 0
1352217600 0 0 0 0
1352210400 0 0 0 0
1352203200 0 0 0 0
1352196000 0 0 0 0
1352188800 0 0 0 0
1352181600 0 0 0 0
1352174400 0 0 0 0
1352167200 0 0 0 0
1352160000 0 0 0 0
1352152800 0 0 0 0
1352145600 0 0 0 0
1352138400 0 0 0 0
1352131200 0 0 0 0
1352124000 0 0 0 0
1352116800 0 0 0 0
1352109600 0 0 0 0
1352102400 0 0 0 0
1352095200 0 0 0 0
1352088000 0 0 0 0
1352080800 0 0 0 0
1352073600 0 0 0 0
1352066400 0 0 0 0
1352059200 0 0 0 0
1352052000 0 0 0 0
1352044800 0 0 0 0
1352037600 0 0 0 0
1352030400 0 0 0 0
1352023200 0 0 0 0
1352016000 0 0 0 0
1352008800 0 0 0 0
1352001600 0 0 0 0
1351994400 0 0 0 0
1351987200 0 0 0 0
1351980000 0 0 0 0
1351972800 0 0 0 0
1351965600 0 0 0 0
1351958400 0 0 0 0
1351951200 0 0 0 0
1351944000 0 0 0 0
1351936800 0 0 0 0
1351929600 0 0 0 0
1351922400 0 0 0 0
1351915200 0 0 0 0
1351908000 0 0 0 0
1351900800 0 0 0 0
1351893600 0 0 0 0
1351886400 0 0 0 0
1351879200 0 0 0 0
1351872000 0 0 0 0
1351864800 0 0 0 0
1351857600 0 0 0 0
1351850400 0 0 0 0
1351843200 0 0 0 0
1351836000 0 0 0 0
1351828800 0 0 0 0
1351821600 0 0 0 0
1351814400 0 0 0 0
1351807200 0 0 0 0
1351800000 0 0 0 0
1351792800 0 0 0 0
1351785600 0 0 0 0
1351778400 0 0 0 0
1351771200 0 0 0 0
1351764000 0 0 0 0
1351756800 0 0 0 0
1351749600 0 0 0 0
1351742400 0 0 0 0
1351735200 0 0 0 0
1351728000 0 0 0 0
1351720800 0 0 0 0
1351713600 0 0 0 0
1351706400 0 0 0 0
1351699200 0 0 0 0
1351692000 0 0 0 0
1351684800 0 0 0 0
1351677600 0 0 0 0
1351670400 0 0 0 0
1351663200 0 0 0 0
1351656000 0 0 0 0
1351648800 0 0 0 0
1351641600 0 0 0 0
1351634400 0 0 0 0
1351627200 0 0 0 0
1351620000 0 0 0 0
1351612800 0 0 0 0
1351605600 0 0 0 0
1351598400 0 0 0 0
1351591200 0 0 0 0
1351584000 0 0 0 0
1351576800 0 0 0 0
1351569600 0 0 0 0
1351562400 0 0 0 0
1351555200 0 0 0 0
1351548000 0 0 0 0
1351540800 0 0 0 0
1351533600 0 0 0 0
1351526400 0 0 0 0
1351519200 0 0 0 0
1351512000 0 0 0 0
1351504800 0 0 0 0
1351497600 0 0 0 0
1351490400 0 0 0 0
1351483200 0 0 0 0
1351476000 0 0 0 0
1351468800 0 0 0 0
1351461600 0 0 0 0
1351454400 0 0 0 0
1351447200 0 0 0 0
1351440000 0 0 0 0
1351432800 0 0 0 0
1351425600 0 0 0 0
1351418400 0 0 0 0
1351411200 0 0 0 0
1351404000 0 0 0 0
1351396800 0 0 0 0
1351389600 0 0 0 0
1351382400 0 0 0 0
1351375200 0 0 0 0
1351368000 0 0 0 0
1351360800 0 0 0 0
1351353600 0 0 0 0
1351346400 0 0 0 0
1351339200 0 0 0 0
1351332000 0 0 0 0
1351324800 0 0 0 0
1351317600 0 0 0 0
1351310400 0 0 0 0
1351303200 0 0 0 0
1351296000 0 0 0 0
1351288800 0 0 0 0
1351281600 0 0 0 0
1351274400 0 0 0 0
1351267200 0 0 0 0
1351260000 0 0 0 0
1351252800 0 0 0 0
1351245600 0 0 0 0
1351238400 0 0 0 0
1351231200 0 0 0 0
1351224000 0 0 0 0
1351216800 0 0 0 0
1351209600 0 0 0 0
1351202400 0 0 0 0
1351195200 0 0 0 0
1351188000 0 0 0 0
1351180800 0 0 0 0
1351123200 0 0 0 0
1351036800 0 0 0 0
1350950400 0 0 0 0
1350864000 0 0 0 0
1350777600 0 0 0 0
1350691200 0 0 0 0
1350604800 0 0 0 0
1350518400 0 0 0 0
1350432000 0 0 0 0
1350345600 0 0 0 0
1350259200 0 0 0 0
1350172800 0 0 0 0
1350086400 0 0 0 0
1350000000 0 0 0 0
1349913600 0 0 0 0
1349827200 0 0 0 0
1349740800 0 0 0 0
1349654400 0 0 0 0
1349568000 0 0 0 0
1349481600 0 0 0 0
1349395200 0 0 0 0
1349308800 0 0 0 0
1349222400 0 0 0 0
1349136000 0 0 0 0
1349049600 0 0 0 0
1348963200 0 0 0 0
1348876800 0 0 0 0
1348790400 0 0 0 0
1348704000 0 0 0 0
1348617600 0 0 0 0
1348531200 0 0 0 0
1348444800 0 0 0 0
1348358400 0 0 0 0
1348272000 0 0 0 0
1348185600 0 0 0 0
1348099200 0 0 0 0
1348012800 0 0 0 0
1347926400 0 0 0 0
1347840000 0 0 0 0
1347753600 0 0 0 0
1347667200 0 0 0 0
1347580800 0 0 0 0
1347494400 0 0 0 0
1347408000 0 0 0 0
1347321600 0 0 0 0
1347235200 0 0 0 0
1347148800 0 0 0 0
1347062400 0 0 0 0
1346976000 0 0 0 0
1346889600 0 0 0 0
1346803200 0 0 0 0
1346716800 0 0 0 0
1346630400 0 0 0 0
1346544000 0 0 0 0
1346457600 0 0 0 0
1346371200 0 0 0 0
1346284800 0 0 0 0
1346198400 0 0 0 0
1346112000 0 0 0 0
1346025600 0 0 0 0
1345939200 0 0 0 0
1345852800 0 0 0 0
1345766400 0 0 0 0
1345680000 0 0 0 0
1345593600 0 0 0 0
1345507200 0 0 0 0
1345420800 0 0 0 0
1345334400 0 0 0 0
1345248000 0 0 0 0
1345161600 0 0 0 0
1345075200 0 0 0 0
1344988800 0 0 0 0
1344902400 0 0 0 0
1344816000 0 0 0 0
1344729600 0 0 0 0
1344643200 0 0 0 0
1344556800 0 0 0 0
1344470400 0 0 0 0
1344384000 0 0 0 0
1344297600 0 0 0 0
1344211200 0 0 0 0
1344124800 0 0 0 0
1344038400 0 0 0 0
1343952000 0 0 0 0
1343865600 0 0 0 0
1343779200 0 0 0 0
1343692800 0 0 0 0
1343606400 0 0 0 0
1343520000 0 0 0 0
1343433600 0 0 0 0
1343347200 0 0 0 0
1343260800 0 0 0 0
1343174400 0 0 0 0
1343088000 0 0 0 0
1343001600 0 0 0 0
1342915200 0 0 0 0
1342828800 0 0 0 0
1342742400 0 0 0 0
1342656000 0 0 0 0
1342569600 0 0 0 0
1342483200 0 0 0 0
1342396800 0 0 0 0
1342310400 0 0 0 0
1342224000 0 0 0 0
1342137600 0 0 0 0
1342051200 0 0 0 0
1341964800 0 0 0 0
1341878400 0 0 0 0
1341792000 0 0 0 0
1341705600 0 0 0 0
1341619200 0 0 0 0
1341532800 0 0 0 0
1341446400 0 0 0 0
1341360000 0 0 0 0
1341273600 0 0 0 0
1341187200 0 0 0 0
1341100800 0 0 0 0
1341014400 0 0 0 0
1340928000 0 0 0 0
1340841600 0 0 0 0
1340755200 0 0 0 0
1340668800 0 0 0 0
1340582400 0 0 0 0
1340496000 0 0 0 0
1340409600 0 0 0 0
1340323200 0 0 0 0
1340236800 0 0 0 0
1340150400 0 0 0 0
1340064000 0 0 0 0
1339977600 0 0 0 0
1339891200 0 0 0 0
1339804800 0 0 0 0
1339718400 0 0 0 0
1339632000 0 0 0 0
1339545600 0 0 0 0
1339459200 0 0 0 0
1339372800 0 0 0 0
1339286400 0 0 0 0
1339200000 0 0 0 0
1339113600 0 0 0 0
1339027200 0 0 0 0
1338940800 0 0 0 0
1338854400 0 0 0 0
1338768000 0 0 0 0
1338681600 0 0 0 0
1338595200 0 0 0 0
1338508800 0 0 0 0
1338422400 0 0 0 0
1338336000 0 0 0 0
1338249600 0 0 0 0
1338163200 0 0 0 0
1338076800 0 0 0 0
1337990400 0 0 0 0
1337904000 0 0 0 0
1337817600 0 0 0 0
1337731200 0 0 0 0
1337644800 0 0 0 0
1337558400 0 0 0 0
1337472000 0 0 0 0
1337385600 0 0 0 0
1337299200 0 0 0 0
1337212800 0 0 0 0
1337126400 0 0 0 0
1337040000 0 0 0 0
1336953600 0 0 0 0
1336867200 0 0 0 0
1336780800 0 0 0 0
1336694400 0 0 0 0
1336608000 0 0 0 0
1336521600 0 0 0 0
1336435200 0 0 0 0
1336348800 0 0 0 0
1336262400 0 0 0 0
1336176000 0 0 0 0
1336089600 0 0 0 0
1336003200 0 0 0 0
1335916800 0 0 0 0
1335830400 0 0 0 0
1335744000 0 0 0 0
1335657600 0 0 0 0
1335571200 0 0 0 0
1335484800 0 0 0 0
1335398400 0 0 0 0
1335312000 0 0 0 0
1335225600 0 0 0 0
1335139200 0 0 0 0
1335052800 0 0 0 0
1334966400 0 0 0 0
1334880000 0 0 0 0
1334793600 0 0 0 0
1334707200 0 0 0 0
1334620800 0 0 0 0
1334534400 0 0 0 0
1334448000 0 0 0 0
1334361600 0 0 0 0
1334275200 0 0 0 0
1334188800 0 0 0 0
1334102400 0 0 0 0
1334016000 0 0 0 0
1333929600 0 0 0 0
1333843200 0 0 0 0
1333756800 0 0 0 0
1333670400 0 0 0 0
1333584000 0 0 0 0
1333497600 0 0 0 0
1333411200 0 0 0 0
1333324800 0 0 0 0
1333238400 0 0 0 0
1333152000 0 0 0 0
1333065600 0 0 0 0
1332979200 0 0 0 0
1332892800 0 0 0 0
1332806400 0 0 0 0
1332720000 0 0 0 0
1332633600 0 0 0 0
1332547200 0 0 0 0
1332460800 0 0 0 0
1332374400 0 0 0 0
1332288000 0 0 0 0
1332201600 0 0 0 0
1332115200 0 0 0 0
1332028800 0 0 0 0
1331942400 0 0 0 0
1331856000 0 0 0 0
1331769600 0 0 0 0
1331683200 0 0 0 0
1331596800 0 0 0 0
1331510400 0 0 0 0
1331424000 0 0 0 0
1331337600 0 0 0 0
1331251200 0 0 0 0
1331164800 0 0 0 0
1331078400 0 0 0 0
1330992000 0 0 0 0
1330905600 0 0 0 0
1330819200 0 0 0 0
1330732800 0 0 0 0
1330646400 0 0 0 0
1330560000 0 0 0 0
1330473600 0 0 0 0
1330387200 0 0 0 0
1330300800 0 0 0 0
1330214400 0 0 0 0
1330128000 0 0 0 0
1330041600 0 0 0 0
1329955200 0 0 0 0
1329868800 0 0 0 0
1329782400 0 0 0 0
1329696000 0 0 0 0
1329609600 0 0 0 0
1329523200 0 0 0 0
1329436800 0 0 0 0
1329350400 0 0 0 0
1329264000 0 0 0 0
1329177600 0 0 0 0
1329091200 0 0 0 0
1329004800 0 0 0 0
1328918400 0 0 0 0
1328832000 0 0 0 0
1328745600 0 0 0 0
1328659200 0 0 0 0
1328572800 0 0 0 0
1328486400 0 0 0 0
1328400000 0 0 0 0
1328313600 0 0 0 0
1328227200 0 0 0 0
1328140800 0 0 0 0
1328054400 0 0 0 0
1327968000 0 0 0 0
1327881600 0 0 0 0
1327795200 0 0 0 0
1327708800 0 0 0 0
1327622400 0 0 0 0
1327536000 0 0 0 0
1327449600 0 0 0 0
1327363200 0 0 0 0
1327276800 0 0 0 0
1327190400 0 0 0 0
1327104000 0 0 0 0
1327017600 0 0 0 0
1326931200 0 0 0 0
1326844800 0 0 0 0
1326758400 0 0 0 0
1326672000 0 0 0 0
1326585600 0 0 0 0
1326499200 0 0 0 0
1326412800 0 0 0 0
1326326400 0 0 0 0
1326240000 0 0 0 0
1326153600 0 0 0 0
1326067200 0 0 0 0
1325980800 0 0 0 0
1325894400 0 0 0 0
1325808000 0 0 0 0
1325721600 0 0 0 0
1325635200 0 0 0 0
1325548800 0 0 0 0
1325462400 0 0 0 0
1325376000 0 0 0 0
1325289600 0 0 0 0
1325203200 0 0 0 0
1325116800 0 0 0 0
1325030400 0 0 0 0
1324944000 0 0 0 0
1324857600 0 0 0 0
1324771200 0 0 0 0
1324684800 0 0 0 0
1324598400 0 0 0 0
1324512000 0 0 0 0
1324425600 0 0 0 0
1324339200 0 0 0 0
1324252800 0 0 0 0
1324166400 0 0 0 0
1324080000 0 0 0 0
1323993600 0 0 0 0
1323907200 0 0 0 0
1323820800 0 0 0 0
1323734400 0 0 0 0
1323648000 0 0 0 0
1323561600 0 0 0 0
1323475200 0 0 0 0
1323388800 0 0 0 0
1323302400 0 0 0 0
1323216000 0 0 0 0
1323129600 0 0 0 0
1323043200 0 0 0 0
1322956800 0 0 0 0
1322870400 0 0 0 0
1322784000 0 0 0 0
1322697600 0 0 0 0
1322611200 0 0 0 0
1322524800 0 0 0 0
1322438400 0 0 0 0
1322352000 0 0 0 0
1322265600 0 0 0 0
1322179200 0 0 0 0
1322092800 0 0 0 0
1322006400 0 0 0 0
1321920000 0 0 0 0
1321833600 0 0 0 0
1321747200 0 0 0 0
1321660800 0 0 0 0
1321574400 0 0 0 0
1321488000 0 0 0 0
1321401600 0 0 0 0
1321315200 0 0 0 0
1321228800 0 0 0 0
1321142400 0 0 0 0
1321056000 0 0 0 0
1320969600 0 0 0 0
1320883200 0 0 0 0
1320796800 0 0 0 0
1320710400 0 0 0 0
1320624000 0 0 0 0
1320537600 0 0 0 0
1320451200 0 0 0 0
1320364800 0 0 0 0
1320278400 0 0 0 0
1320192000 0 0 0 0
1320105600 0 0 0 0
1320019200 0 0 0 0
1319932800 0 0 0 0
1319846400 0 0 0 0
1319760000 0 0 0 0
1319673600 0 0 0 0
1319587200 0 0 0 0
1319500800 0 0 0 0
1319414400 0 0 0 0
1319328000 0 0 0 0
1319241600 0 0 0 0
1319155200 0 0 0 0
1319068800 0 0 0 0
1318982400 0 0 0 0
1318896000 0 0 0 0
1318809600 0 0 0 0
1318723200 0 0 0 0
1318636800 0 0 0 0
1318550400 0 0 0 0
1318464000 0 0 0 0
1318377600 0 0 0 0
1318291200 0 0 0 0
1318204800 0 0 0 0
1318118400 0 0 0 0
1318032000 0 0 0 0
1317945600 0 0 0 0
1317859200 0 0 0 0
1317772800 0 0 0 0
1317686400 0 0 0 0
1317600000 0 0 0 0
1317513600 0 0 0 0
1317427200 0 0 0 0
1317340800 0 0 0 0
1317254400 0 0 0 0
1317168000 0 0 0 0
1317081600 0 0 0 0
1316995200 0 0 0 0
1316908800 0 0 0 0
1316822400 0 0 0 0
1316736000 0 0 0 0
1316649600 0 0 0 0
1316563200 0 0 0 0
1316476800 0 0 0 0
1316390400 0 0 0 0
1316304000 0 0 0 0
1316217600 0 0 0 0
1316131200 0 0 0 0
1316044800 0 0 0 0
1315958400 0 0 0 0
1315872000 0 0 0 0
1315785600 0 0 0 0
1315699200 0 0 0 0
1315612800 0 0 0 0
1315526400 0 0 0 0
1315440000 0 0 0 0
1315353600 0 0 0 0
1315267200 0 0 0 0
1315180800 0 0 0 0
1315094400 0 0 0 0
1315008000 0 0 0 0
1314921600 0 0 0 0
1314835200 0 0 0 0
1314748800 0 0 0 0
1314662400 0 0 0 0
1314576000 0 0 0 0
1314489600 0 0 0 0
1314403200 0 0 0 0
1314316800 0 0 0 0
1314230400 0 0 0 0
1314144000 0 0 0 0
1314057600 0 0 0 0
1313971200 0 0 0 0
1313884800 0 0 0 0
1313798400 0 0 0 0
1313712000 0 0 0 0
1313625600 0 0 0 0
1313539200 0 0 0 0
1313452800 0 0 0 0
1313366400 0 0 0 0
1313280000 0 0 0 0
1313193600 0 0 0 0
1313107200 0 0 0 0
1313020800 0 0 0 0
1312934400 0 0 0 0
1312848000 0 0 0 0
1312761600 0 0 0 0
1312675200 0 0 0 0
1312588800 0 0 0 0
1312502400 0 0 0 0
1312416000 0 0 0 0
1312329600 0 0 0 0
1312243200 0 0 0 0
1312156800 0 0 0 0
1312070400 0 0 0 0
1311984000 0 0 0 0
1311897600 0 0 0 0
1311811200 0 0 0 0
1311724800 0 0 0 0
1311638400 0 0 0 0
1311552000 0 0 0 0
1311465600 0 0 0 0
1311379200 0 0 0 0
1311292800 0 0 0 0
1311206400 0 0 0 0
1311120000 0 0 0 0
1311033600 0 0 0 0
1310947200 0 0 0 0
1310860800 0 0 0 0
1310774400 0 0 0 0
1310688000 0 0 0 0
1310601600 0 0 0 0
1310515200 0 0 0 0
1310428800 0 0 0 0
1310342400 0 0 0 0
1310256000 0 0 0 0
1310169600 0 0 0 0
1310083200 0 0 0 0
1309996800 0 0 0 0
1309910400 0 0 0 0
1309824000 0 0 0 0
1309737600 0 0 0 0
1309651200 0 0 0 0
1309564800 0 0 0 0
1309478400 0 0 0 0
1309392000 0 0 0 0
1309305600 0 0 0 0
1309219200 0 0 0 0
1309132800 0 0 0 0
1309046400 0 0 0 0
1308960000 0 0 0 0
1308873600 0 0 0 0
1308787200 0 0 0 0
1308700800 0 0 0 0
1308614400 0 0 0 0
1308528000 0 0 0 0
1308441600 0 0 0 0
1308355200 0 0 0 0
1308268800 0 0 0 0
1308182400 0 0 0 0
1308096000 0 0 0 0
1308009600 0 0 0 0
1307923200 0 0 0 0
1307836800 0 0 0 0
1307750400 0 0 0 0
1307664000 0 0 0 0
1307577600 0 0 0 0
1307491200 0 0 0 0
1307404800 0 0 0 0
1307318400 0 0 0 0
1307232000 0 0 0 0
1307145600 0 0 0 0
1307059200 0 0 0 0
1306972800 0 0 0 0
1306886400 0 0 0 0
1306800000 0 0 0 0
1306713600 0 0 0 0
1306627200 0 0 0 0
1306540800 0 0 0 0
1306454400 0 0 0 0
1306368000 0 0 0 0
1306281600 0 0 0 0
1306195200 0 0 0 0
1306108800 0 0 0 0
1306022400 0 0 0 0
1305936000 0 0 0 0
1305849600 0 0 0 0
1305763200 0 0 0 0
1305676800 0 0 0 0
1305590400 0 0 0 0
1305504000 0 0 0 0
1305417600 0 0 0 0
1305331200 0 0 0 0
1305244800 0 0 0 0
1305158400 0 0 0 0
1305072000 0 0 0 0
1304985600 0 0 0 0
1304899200 0 0 0 0
1304812800 0 0 0 0
1304726400 0 0 0 0
1304640000 0 0 0 0
1304553600 0 0 0 0
1304467200 0 0 0 0
1304380800 0 0 0 0
1304294400 0 0 0 0
1304208000 0 0 0 0
1304121600 0 0 0 0
1304035200 0 0 0 0
1303948800 0 0 0 0
1303862400 0 0 0 0
1303776000 0 0 0 0
1303689600 0 0 0 0
1303603200 0 0 0 0
1303516800 0 0 0 0
1303430400 0 0 0 0
1303344000 0 0 0 0
1303257600 0 0 0 0
1303171200 0 0 0 0
1303084800 0 0 0 0
1302998400 0 0 0 0
1302912000 0 0 0 0
1302825600 0 0 0 0
1302739200 0 0 0 0
1302652800 0 0 0 0
1302566400 0 0 0 0
1302480000 0 0 0 0
1302393600 0 0 0 0
1302307200 0 0 0 0
1302220800 0 0 0 0
1302134400 0 0 0 0
1302048000 0 0 0 0
1301961600 0 0 0 0
1301875200 0 0 0 0
1301788800 0 0 0 0
1301702400 0 0 0 0
1301616000 0 0 0 0
1301529600 0 0 0 0
1301443200 0 0 0 0
1301356800 0 0 0 0
1301270400 0 0 0 0
1301184000 0 0 0 0
1301097600 0 0 0 0
1301011200 0 0 0 0
1300924800 0 0 0 0
1300838400 0 0 0 0
1300752000 0 0 0 0
1300665600 0 0 0 0
1300579200 0 0 0 0
1300492800 0 0 0 0
1300406400 0 0 0 0
1300320000 0 0 0 0
1300233600 0 0 0 0
1300147200 0 0 0 0
1300060800 0 0 0 0
1299974400 0 0 0 0
1299888000 0 0 0 0
1299801600 0 0 0 0
1299715200 0 0 0 0
1299628800 0 0 0 0
1299542400 0 0 0 0
1299456000 0 0 0 0
1299369600 0 0 0 0
1299283200 0 0 0 0
1299196800 0 0 0 0
1299110400 0 0 0 0
1299024000 0 0 0 0
1298937600 0 0 0 0
1298851200 0 0 0 0
1298764800 0 0 0 0
1298678400 0 0 0 0
1298592000 0 0 0 0
1298505600 0 0 0 0
1298419200 0 0 0 0
1298332800 0 0 0 0
1298246400 0 0 0 0
1298160000 0 0 0 0
1298073600 0 0 0 0
1297987200 0 0 0 0
1297900800 0 0 0 0
1297814400 0 0 0 0
1297728000 0 0 0 0
1297641600 0 0 0 0
1297555200 0 0 0 0
1297468800 0 0 0 0
1297382400 0 0 0 0
1297296000 0 0 0 0
1297209600 0 0 0 0
1297123200 0 0 0 0
1297036800 0 0 0 0
1296950400 0 0 0 0
1296864000 0 0 0 0
1296777600 0 0 0 0
1296691200 0 0 0 0
1296604800 0 0 0 0
1296518400 0 0 0 0
1296432000 0 0 0 0
1296345600 0 0 0 0
1296259200 0 0 0 0
1296172800 0 0 0 0
1296086400 0 0 0 0
1296000000 0 0 0 0
1295913600 0 0 0 0
1295827200 0 0 0 0
1295740800 0 0 0 0
1295654400 0 0 0 0
1295568000 0 0 0 0
1295481600 0 0 0 0
1295395200 0 0 0 0
1295308800 0 0 0 0
1295222400 0 0 0 0
1295136000 0 0 0 0
1295049600 0 0 0 0
1294963200 0 0 0 0
1294876800 0 0 0 0
1294790400 0 0 0 0
1294704000 0 0 0 0
1294617600 0 0 0 0
1294531200 0 0 0 0
1294444800 0 0 0 0
1294358400 0 0 0 0
1294272000 0 0 0 0
1294185600 0 0 0 0
1294099200 0 0 0 0
1294012800 0 0 0 0
1293926400 0 0 0 0
1293840000 0 0 0 0
1293753600 0 0 0 0
1293667200 0 0 0 0
1293580800 0 0 0 0
1293494400 0 0 0 0
1293408000 0 0 0 0
1293321600 0 0 0 0
1293235200 0 0 0 0
1293148800 0 0 0 0
1293062400 0 0 0 0
1292976000 0 0 0 0
1292889600 0 0 0 0
1292803200 0 0 0 0
1292716800 0 0 0 0
1292630400 0 0 0 0
1292544000 0 0 0 0
1292457600 0 0 0 0
1292371200 0 0 0 0
1292284800 0 0 0 0
1292198400 0 0 0 0
1292112000 0 0 0 0
1292025600 0 0 0 0
1291939200 0 0 0 0
1291852800 0 0 0 0
1291766400 0 0 0 0
1291680000 0 0 0 0
1291593600 0 0 0 0
1291507200 0 0 0 0
1291420800 0 0 0 0
1291334400 0 0 0 0
1291248000 0 0 0 0
1291161600 0 0 0 0
1291075200 0 0 0 0
1290988800 0 0 0 0
1290902400 0 0 0 0
1290816000 0 0 0 0
1290729600 0 0 0 0
1290643200 0 0 0 0
1290556800 0 0 0 0
1290470400 0 0 0 0
1290384000 0 0 0 0
1290297600 0 0 0 0
1290211200 0 0 0 0
1290124800 0 0 0 0
1290038400 0 0 0 0
1289952000 0 0 0 0
1289865600 0 0 0 0
1289779200 0 0 0 0
1289692800 0 0 0 0
1289606400 0 0 0 0
1289520000 0 0 0 0
1289433600 0 0 0 0
1289347200 0 0 0 0
1289260800 0 0 0 0
1289174400 0 0 0 0
1289088000 0 0 0 0
1289001600 0 0 0 0
1288915200 0 0 0 0
1288828800 0 0 0 0
1288742400 0 0 0 0
1288656000 0 0 0 0
1288569600 0 0 0 0
1288483200 0 0 0 0
1288396800 0 0 0 0
1288310400 0 0 0 0
1288224000 0 0 0 0
1288137600 0 0 0 0
1288051200 0 0 0 0
1287964800 0 0 0 0
